{"C:\\Users\\wzent\\OneDrive\\Área de Trabalho\\oficina II\\front-end\\styleMock.js": {"path":"C:\\Users\\wzent\\OneDrive\\Área de Trabalho\\oficina II\\front-end\\styleMock.js","statementMap":{"0":{"start":{"line":1,"column":0},"end":{"line":1,"column":null}}},"fnMap":{},"branchMap":{},"s":{"0":1},"f":{},"b":{}}
,"C:\\Users\\wzent\\OneDrive\\Área de Trabalho\\oficina II\\front-end\\src\\componentes\\Login\\Login.tsx": {"path":"C:\\Users\\wzent\\OneDrive\\Área de Trabalho\\oficina II\\front-end\\src\\componentes\\Login\\Login.tsx","statementMap":{"0":{"start":{"line":23,"column":0},"end":{"line":23,"column":15}},"1":{"start":{"line":1,"column":21},"end":{"line":1,"column":null}},"2":{"start":{"line":2,"column":7},"end":{"line":2,"column":null}},"3":{"start":{"line":4,"column":17},"end":{"line":4,"column":null}},"4":{"start":{"line":23,"column":15},"end":{"line":23,"column":null}}},"fnMap":{"0":{"name":"Login","decl":{"start":{"line":6,"column":9},"end":{"line":6,"column":null}},"loc":{"start":{"line":6,"column":9},"end":{"line":21,"column":null}}}},"branchMap":{},"s":{"0":2,"1":1,"2":1,"3":1,"4":1},"f":{"0":5},"b":{}}
}
