{"C:\\Users\\wzent\\OneDrive\\Área de Trabalho\\oficina II\\front-end\\styleMock.js": {"path":"C:\\Users\\wzent\\OneDrive\\Área de Trabalho\\oficina II\\front-end\\styleMock.js","statementMap":{"0":{"start":{"line":1,"column":0},"end":{"line":1,"column":null}}},"fnMap":{},"branchMap":{},"s":{"0":1},"f":{},"b":{}}
,"C:\\Users\\wzent\\OneDrive\\Área de Trabalho\\oficina II\\front-end\\src\\api\\axios.jsx": {"path":"C:\\Users\\wzent\\OneDrive\\Área de Trabalho\\oficina II\\front-end\\src\\api\\axios.jsx","statementMap":{"0":{"start":{"line":3,"column":0},"end":{"line":3,"column":15}},"1":{"start":{"line":1,"column":18},"end":{"line":1,"column":null}},"2":{"start":{"line":3,"column":15},"end":{"line":6,"column":null}}},"fnMap":{},"branchMap":{},"s":{"0":0,"1":1,"2":1},"f":{},"b":{}}
,"C:\\Users\\wzent\\OneDrive\\Área de Trabalho\\oficina II\\front-end\\src\\componentes\\Login\\Login.jsx": {"path":"C:\\Users\\wzent\\OneDrive\\Área de Trabalho\\oficina II\\front-end\\src\\componentes\\Login\\Login.jsx","statementMap":{"0":{"start":{"line":111,"column":0},"end":{"line":111,"column":15}},"1":{"start":{"line":1,"column":21},"end":{"line":1,"column":null}},"2":{"start":{"line":2,"column":56},"end":{"line":2,"column":null}},"3":{"start":{"line":3,"column":24},"end":{"line":3,"column":null}},"4":{"start":{"line":4,"column":18},"end":{"line":4,"column":null}},"5":{"start":{"line":7,"column":7},"end":{"line":7,"column":null}},"6":{"start":{"line":8,"column":17},"end":{"line":8,"column":null}},"7":{"start":{"line":11,"column":18},"end":{"line":11,"column":null}},"8":{"start":{"line":14,"column":24},"end":{"line":14,"column":null}},"9":{"start":{"line":15,"column":20},"end":{"line":15,"column":null}},"10":{"start":{"line":16,"column":19},"end":{"line":16,"column":null}},"11":{"start":{"line":18,"column":32},"end":{"line":18,"column":null}},"12":{"start":{"line":19,"column":31},"end":{"line":19,"column":null}},"13":{"start":{"line":20,"column":32},"end":{"line":20,"column":null}},"14":{"start":{"line":21,"column":32},"end":{"line":21,"column":null}},"15":{"start":{"line":23,"column":4},"end":{"line":25,"column":null}},"16":{"start":{"line":24,"column":6},"end":{"line":24,"column":null}},"17":{"start":{"line":27,"column":4},"end":{"line":29,"column":null}},"18":{"start":{"line":28,"column":8},"end":{"line":28,"column":null}},"19":{"start":{"line":31,"column":25},"end":{"line":63,"column":null}},"20":{"start":{"line":32,"column":8},"end":{"line":32,"column":null}},"21":{"start":{"line":34,"column":8},"end":{"line":62,"column":null}},"22":{"start":{"line":35,"column":29},"end":{"line":40,"column":null}},"23":{"start":{"line":42,"column":12},"end":{"line":42,"column":null}},"24":{"start":{"line":44,"column":31},"end":{"line":44,"column":null}},"25":{"start":{"line":46,"column":12},"end":{"line":46,"column":null}},"26":{"start":{"line":47,"column":12},"end":{"line":47,"column":null}},"27":{"start":{"line":48,"column":12},"end":{"line":48,"column":null}},"28":{"start":{"line":49,"column":12},"end":{"line":49,"column":null}},"29":{"start":{"line":51,"column":12},"end":{"line":60,"column":null}},"30":{"start":{"line":52,"column":16},"end":{"line":52,"column":null}},"31":{"start":{"line":53,"column":16},"end":{"line":53,"column":null}},"32":{"start":{"line":54,"column":18},"end":{"line":60,"column":null}},"33":{"start":{"line":55,"column":16},"end":{"line":55,"column":null}},"34":{"start":{"line":56,"column":18},"end":{"line":60,"column":null}},"35":{"start":{"line":57,"column":16},"end":{"line":57,"column":null}},"36":{"start":{"line":59,"column":16},"end":{"line":59,"column":null}},"37":{"start":{"line":61,"column":12},"end":{"line":61,"column":null}},"38":{"start":{"line":85,"column":49},"end":{"line":85,"column":null}},"39":{"start":{"line":93,"column":49},"end":{"line":93,"column":null}},"40":{"start":{"line":111,"column":15},"end":{"line":111,"column":null}}},"fnMap":{"0":{"name":"Login","decl":{"start":{"line":13,"column":9},"end":{"line":13,"column":null}},"loc":{"start":{"line":13,"column":9},"end":{"line":109,"column":null}}},"1":{"name":"(anonymous_3)","decl":{"start":{"line":23,"column":14},"end":{"line":23,"column":null}},"loc":{"start":{"line":23,"column":14},"end":{"line":25,"column":7}}},"2":{"name":"(anonymous_4)","decl":{"start":{"line":27,"column":14},"end":{"line":27,"column":null}},"loc":{"start":{"line":27,"column":14},"end":{"line":29,"column":7}}},"3":{"name":"(anonymous_5)","decl":{"start":{"line":31,"column":25},"end":{"line":31,"column":32}},"loc":{"start":{"line":31,"column":32},"end":{"line":63,"column":null}}},"4":{"name":"(anonymous_6)","decl":{"start":{"line":85,"column":42},"end":{"line":85,"column":43}},"loc":{"start":{"line":85,"column":49},"end":{"line":85,"column":null}}},"5":{"name":"(anonymous_7)","decl":{"start":{"line":93,"column":42},"end":{"line":93,"column":43}},"loc":{"start":{"line":93,"column":49},"end":{"line":93,"column":null}}}},"branchMap":{"0":{"loc":{"start":{"line":51,"column":12},"end":{"line":60,"column":null}},"type":"if","locations":[{"start":{"line":51,"column":12},"end":{"line":60,"column":null}},{"start":{"line":54,"column":18},"end":{"line":60,"column":null}}]},"1":{"loc":{"start":{"line":54,"column":18},"end":{"line":60,"column":null}},"type":"if","locations":[{"start":{"line":54,"column":18},"end":{"line":60,"column":null}},{"start":{"line":56,"column":18},"end":{"line":60,"column":null}}]},"2":{"loc":{"start":{"line":56,"column":18},"end":{"line":60,"column":null}},"type":"if","locations":[{"start":{"line":56,"column":18},"end":{"line":60,"column":null}},{"start":{"line":58,"column":18},"end":{"line":60,"column":null}}]},"3":{"loc":{"start":{"line":68,"column":16},"end":{"line":76,"column":17}},"type":"cond-expr","locations":[{"start":{"line":68,"column":16},"end":{"line":76,"column":17}}]},"4":{"loc":{"start":{"line":96,"column":55},"end":{"line":96,"column":89}},"type":"cond-expr","locations":[{"start":{"line":96,"column":64},"end":{"line":96,"column":75}},{"start":{"line":96,"column":75},"end":{"line":96,"column":89}}]}},"s":{"0":2,"1":1,"2":1,"3":1,"4":1,"5":1,"6":1,"7":1,"8":5,"9":4,"10":4,"11":4,"12":4,"13":4,"14":4,"15":4,"16":0,"17":4,"18":0,"19":4,"20":0,"21":0,"22":0,"23":0,"24":0,"25":0,"26":0,"27":0,"28":0,"29":0,"30":0,"31":0,"32":0,"33":0,"34":0,"35":0,"36":0,"37":0,"38":0,"39":0,"40":1},"f":{"0":5,"1":0,"2":0,"3":0,"4":0,"5":0},"b":{"0":[0,0],"1":[0,0],"2":[0,0],"3":[0],"4":[0,4]}}
,"C:\\Users\\wzent\\OneDrive\\Área de Trabalho\\oficina II\\front-end\\src\\context\\AuthProvider.jsx": {"path":"C:\\Users\\wzent\\OneDrive\\Área de Trabalho\\oficina II\\front-end\\src\\context\\AuthProvider.jsx","statementMap":{"0":{"start":{"line":5,"column":13},"end":{"line":5,"column":25}},"1":{"start":{"line":15,"column":0},"end":{"line":15,"column":15}},"2":{"start":{"line":1,"column":40},"end":{"line":1,"column":null}},"3":{"start":{"line":3,"column":20},"end":{"line":3,"column":null}},"4":{"start":{"line":5,"column":28},"end":{"line":13,"column":null}},"5":{"start":{"line":6,"column":28},"end":{"line":6,"column":null}},"6":{"start":{"line":15,"column":15},"end":{"line":15,"column":26}}},"fnMap":{"0":{"name":"(anonymous_3)","decl":{"start":{"line":5,"column":28},"end":{"line":5,"column":29}},"loc":{"start":{"line":5,"column":41},"end":{"line":13,"column":null}}}},"branchMap":{},"s":{"0":0,"1":5,"2":1,"3":1,"4":1,"5":0,"6":1},"f":{"0":0},"b":{}}
}
