TN:
SF:styleMock.js
FNF:0
FNH:0
DA:1,1
LF:1
LH:1
BRF:0
BRH:0
end_of_record
TN:
SF:src\api\axios.jsx
FNF:0
FNH:0
DA:1,1
DA:3,2
LF:2
LH:2
BRF:0
BRH:0
end_of_record
TN:
SF:src\componentes\Cadastro\Cadastro.jsx
FN:10,Cadastro
FN:22,(anonymous_3)
FN:26,(anonymous_4)
FN:72,(anonymous_5)
FN:78,(anonymous_6)
FN:84,(anonymous_7)
FN:90,(anonymous_8)
FN:96,(anonymous_9)
FN:102,(anonymous_10)
FNF:9
FNH:2
FNDA:7,Cadastro
FNDA:7,(anonymous_3)
FNDA:0,(anonymous_4)
FNDA:0,(anonymous_5)
FNDA:0,(anonymous_6)
FNDA:0,(anonymous_7)
FNDA:0,(anonymous_8)
FNDA:0,(anonymous_9)
FNDA:0,(anonymous_10)
DA:1,1
DA:2,1
DA:3,1
DA:4,1
DA:6,1
DA:7,1
DA:12,7
DA:13,7
DA:14,7
DA:15,7
DA:16,7
DA:17,7
DA:18,7
DA:19,7
DA:20,7
DA:22,7
DA:23,7
DA:26,7
DA:27,0
DA:29,0
DA:30,0
DA:37,0
DA:40,0
DA:41,0
DA:42,0
DA:43,0
DA:44,0
DA:45,0
DA:46,0
DA:48,0
DA:49,0
DA:50,0
DA:51,0
DA:52,0
DA:53,0
DA:54,0
DA:56,0
DA:72,0
DA:78,0
DA:84,0
DA:90,0
DA:96,0
DA:102,0
DA:117,7
LF:44
LH:19
BRDA:48,0,0,0
BRDA:48,0,1,0
BRDA:51,1,0,0
BRDA:51,1,1,0
BRDA:53,2,0,0
BRDA:53,2,1,0
BRDA:68,3,0,0
BRDA:68,3,1,7
BRF:8
BRH:1
end_of_record
TN:
SF:src\componentes\CadastroOficina\CadastroOficina.jsx
FN:7,CadastroOficina
FN:15,(anonymous_3)
FN:68,(anonymous_4)
FN:74,(anonymous_5)
FNF:4
FNH:1
FNDA:2,CadastroOficina
FNDA:0,(anonymous_3)
FNDA:0,(anonymous_4)
FNDA:0,(anonymous_5)
DA:1,1
DA:2,1
DA:3,1
DA:5,1
DA:9,2
DA:10,2
DA:11,2
DA:12,2
DA:13,2
DA:15,2
DA:16,0
DA:18,0
DA:20,0
DA:22,0
DA:23,0
DA:24,0
DA:26,0
DA:39,0
DA:40,0
DA:41,0
DA:44,0
DA:45,0
DA:46,0
DA:47,0
DA:48,0
DA:49,0
DA:50,0
DA:52,0
DA:54,0
DA:68,0
DA:74,0
DA:83,2
LF:32
LH:11
BRDA:44,0,0,0
BRDA:44,0,1,0
BRDA:47,1,0,0
BRDA:47,1,1,0
BRDA:49,2,0,0
BRDA:49,2,1,0
BRDA:62,3,0,0
BRDA:62,3,1,2
BRDA:64,4,0,0
BRDA:64,4,1,2
BRF:10
BRH:2
end_of_record
TN:
SF:src\componentes\CadsAlunos\CadsAlunos.jsx
FN:9,CadsAlunos
FN:29,(anonymous_4)
FNF:2
FNH:0
FNDA:0,CadsAlunos
FNDA:0,(anonymous_4)
DA:1,1
DA:2,1
DA:3,1
DA:6,1
DA:7,1
DA:29,0
DA:41,1
LF:7
LH:6
BRF:0
BRH:0
end_of_record
TN:
SF:src\componentes\Cards\Cards.jsx
FN:11,Cards
FN:23,(anonymous_3)
FN:29,(anonymous_4)
FN:62,(anonymous_5)
FN:91,(anonymous_6)
FN:120,(anonymous_7)
FN:121,(anonymous_8)
FN:122,(anonymous_9)
FN:126,(anonymous_10)
FN:160,(anonymous_11)
FN:224,(anonymous_13)
FN:238,(anonymous_15)
FN:241,(anonymous_16)
FN:245,(anonymous_17)
FN:272,(anonymous_19)
FN:289,(anonymous_21)
FN:290,(anonymous_22)
FN:291,(anonymous_23)
FN:292,(anonymous_24)
FN:293,(anonymous_25)
FN:294,(anonymous_26)
FN:295,(anonymous_27)
FNF:22
FNH:0
FNDA:0,Cards
FNDA:0,(anonymous_3)
FNDA:0,(anonymous_4)
FNDA:0,(anonymous_5)
FNDA:0,(anonymous_6)
FNDA:0,(anonymous_7)
FNDA:0,(anonymous_8)
FNDA:0,(anonymous_9)
FNDA:0,(anonymous_10)
FNDA:0,(anonymous_11)
FNDA:0,(anonymous_13)
FNDA:0,(anonymous_15)
FNDA:0,(anonymous_16)
FNDA:0,(anonymous_17)
FNDA:0,(anonymous_19)
FNDA:0,(anonymous_21)
FNDA:0,(anonymous_22)
FNDA:0,(anonymous_23)
FNDA:0,(anonymous_24)
FNDA:0,(anonymous_25)
FNDA:0,(anonymous_26)
FNDA:0,(anonymous_27)
DA:1,1
DA:2,1
DA:3,1
DA:4,1
DA:6,1
DA:7,1
DA:8,1
DA:9,1
DA:12,0
DA:13,0
DA:14,0
DA:15,0
DA:16,0
DA:17,0
DA:18,0
DA:19,0
DA:20,0
DA:21,0
DA:23,0
DA:24,0
DA:25,0
DA:26,0
DA:29,0
DA:30,0
DA:31,0
DA:32,0
DA:33,0
DA:34,0
DA:37,0
DA:44,0
DA:45,0
DA:46,0
DA:47,0
DA:48,0
DA:49,0
DA:50,0
DA:51,0
DA:52,0
DA:53,0
DA:55,0
DA:58,0
DA:62,0
DA:63,0
DA:64,0
DA:65,0
DA:66,0
DA:67,0
DA:70,0
DA:77,0
DA:78,0
DA:79,0
DA:80,0
DA:81,0
DA:82,0
DA:84,0
DA:87,0
DA:91,0
DA:92,0
DA:93,0
DA:94,0
DA:95,0
DA:96,0
DA:99,0
DA:106,0
DA:107,0
DA:108,0
DA:109,0
DA:110,0
DA:111,0
DA:113,0
DA:116,0
DA:120,0
DA:121,0
DA:122,0
DA:123,0
DA:126,0
DA:127,0
DA:129,0
DA:130,0
DA:131,0
DA:132,0
DA:135,0
DA:136,0
DA:149,0
DA:150,0
DA:151,0
DA:153,0
DA:156,0
DA:160,0
DA:161,0
DA:163,0
DA:164,0
DA:165,0
DA:166,0
DA:169,0
DA:170,0
DA:186,0
DA:187,0
DA:190,0
DA:192,0
DA:194,0
DA:197,0
DA:225,0
DA:238,0
DA:241,0
DA:246,0
DA:272,0
DA:289,0
DA:290,0
DA:291,0
DA:292,0
DA:293,0
DA:294,0
DA:295,0
DA:308,1
LF:115
LH:9
BRDA:32,0,0,0
BRDA:44,1,0,0
BRDA:44,1,1,0
BRDA:52,2,0,0
BRDA:52,2,1,0
BRDA:65,3,0,0
BRDA:77,4,0,0
BRDA:77,4,1,0
BRDA:81,5,0,0
BRDA:81,5,1,0
BRDA:94,6,0,0
BRDA:106,7,0,0
BRDA:106,7,1,0
BRDA:110,8,0,0
BRDA:110,8,1,0
BRDA:130,9,0,0
BRDA:149,10,0,0
BRDA:149,10,1,0
BRDA:164,11,0,0
BRDA:186,12,0,0
BRDA:186,12,1,0
BRF:21
BRH:0
end_of_record
TN:
SF:src\componentes\Home\Home.jsx
FN:15,Home
FN:36,(anonymous_3)
FN:45,(anonymous_4)
FN:46,(anonymous_5)
FN:48,(anonymous_6)
FN:58,(anonymous_7)
FN:59,(anonymous_8)
FN:74,(anonymous_9)
FN:79,(anonymous_10)
FN:80,(anonymous_11)
FN:85,(anonymous_12)
FN:133,(anonymous_13)
FN:165,(anonymous_14)
FN:166,(anonymous_15)
FN:168,(anonymous_16)
FN:205,(anonymous_17)
FN:211,(anonymous_19)
FN:216,(anonymous_20)
FN:222,(anonymous_21)
FN:228,(anonymous_22)
FN:234,(anonymous_23)
FN:240,(anonymous_24)
FN:246,(anonymous_25)
FN:273,(anonymous_27)
FN:274,(anonymous_28)
FN:275,(anonymous_29)
FN:276,(anonymous_30)
FN:277,(anonymous_31)
FN:278,(anonymous_32)
FN:289,(anonymous_33)
FNF:30
FNH:2
FNDA:2,Home
FNDA:2,(anonymous_3)
FNDA:0,(anonymous_4)
FNDA:0,(anonymous_5)
FNDA:0,(anonymous_6)
FNDA:0,(anonymous_7)
FNDA:0,(anonymous_8)
FNDA:0,(anonymous_9)
FNDA:0,(anonymous_10)
FNDA:0,(anonymous_11)
FNDA:0,(anonymous_12)
FNDA:0,(anonymous_13)
FNDA:0,(anonymous_14)
FNDA:0,(anonymous_15)
FNDA:0,(anonymous_16)
FNDA:0,(anonymous_17)
FNDA:0,(anonymous_19)
FNDA:0,(anonymous_20)
FNDA:0,(anonymous_21)
FNDA:0,(anonymous_22)
FNDA:0,(anonymous_23)
FNDA:0,(anonymous_24)
FNDA:0,(anonymous_25)
FNDA:0,(anonymous_27)
FNDA:0,(anonymous_28)
FNDA:0,(anonymous_29)
FNDA:0,(anonymous_30)
FNDA:0,(anonymous_31)
FNDA:0,(anonymous_32)
FNDA:0,(anonymous_33)
DA:1,1
DA:2,1
DA:3,1
DA:4,1
DA:6,1
DA:7,1
DA:8,1
DA:9,1
DA:10,1
DA:12,1
DA:13,1
DA:16,2
DA:17,2
DA:18,2
DA:19,2
DA:20,2
DA:21,2
DA:22,2
DA:23,2
DA:24,2
DA:25,2
DA:26,2
DA:27,2
DA:36,2
DA:37,2
DA:40,2
DA:46,0
DA:49,0
DA:53,0
DA:59,0
DA:60,0
DA:61,0
DA:62,0
DA:71,0
DA:75,0
DA:79,2
DA:80,0
DA:81,0
DA:85,2
DA:86,0
DA:88,0
DA:90,0
DA:91,0
DA:108,0
DA:109,0
DA:110,0
DA:111,0
DA:112,0
DA:113,0
DA:114,0
DA:117,0
DA:120,0
DA:121,0
DA:122,0
DA:123,0
DA:124,0
DA:125,0
DA:126,0
DA:128,0
DA:133,2
DA:134,0
DA:136,0
DA:137,0
DA:139,0
DA:140,0
DA:155,0
DA:156,0
DA:157,0
DA:160,0
DA:166,0
DA:169,0
DA:172,0
DA:173,0
DA:174,0
DA:175,0
DA:176,0
DA:177,0
DA:179,0
DA:181,0
DA:205,0
DA:211,0
DA:216,0
DA:222,0
DA:228,0
DA:234,0
DA:240,0
DA:246,0
DA:273,0
DA:274,0
DA:275,0
DA:276,0
DA:277,0
DA:278,0
DA:290,0
DA:307,2
LF:95
LH:30
BRDA:60,0,0,0
BRDA:60,0,1,0
BRDA:63,1,0,0
BRDA:63,1,1,0
BRDA:64,2,0,0
BRDA:64,2,1,0
BRDA:65,3,0,0
BRDA:65,3,1,0
BRDA:66,4,0,0
BRDA:66,4,1,0
BRDA:67,5,0,0
BRDA:67,5,1,0
BRDA:81,6,0,0
BRDA:81,6,1,0
BRDA:120,7,0,0
BRDA:120,7,1,0
BRDA:123,8,0,0
BRDA:123,8,1,0
BRDA:125,9,0,0
BRDA:125,9,1,0
BRDA:172,10,0,0
BRDA:172,10,1,0
BRDA:174,11,0,0
BRDA:174,11,1,0
BRDA:175,12,0,0
BRDA:175,12,1,0
BRDA:176,13,0,0
BRDA:176,13,1,0
BRDA:191,14,0,2
BRDA:196,15,0,0
BRF:30
BRH:1
end_of_record
TN:
SF:src\componentes\Login\Login.jsx
FN:12,Login
FN:22,(anonymous_3)
FN:26,(anonymous_4)
FN:30,(anonymous_5)
FN:79,(anonymous_6)
FN:87,(anonymous_7)
FNF:6
FNH:3
FNDA:4,Login
FNDA:4,(anonymous_3)
FNDA:4,(anonymous_4)
FNDA:0,(anonymous_5)
FNDA:0,(anonymous_6)
FNDA:0,(anonymous_7)
DA:1,1
DA:2,1
DA:3,1
DA:4,1
DA:5,1
DA:7,1
DA:8,1
DA:10,1
DA:13,4
DA:14,4
DA:15,4
DA:17,4
DA:18,4
DA:19,4
DA:20,4
DA:22,4
DA:23,4
DA:26,4
DA:27,4
DA:30,4
DA:31,0
DA:33,0
DA:34,0
DA:47,0
DA:48,0
DA:49,0
DA:50,0
DA:52,0
DA:53,0
DA:54,0
DA:55,0
DA:56,0
DA:57,0
DA:59,0
DA:61,0
DA:79,0
DA:87,0
DA:103,4
LF:38
LH:21
BRDA:52,0,0,0
BRDA:52,0,1,0
BRDA:54,1,0,0
BRDA:54,1,1,0
BRDA:56,2,0,0
BRDA:56,2,1,0
BRDA:68,3,0,0
BRDA:90,4,0,0
BRDA:90,4,1,4
BRF:9
BRH:1
end_of_record
TN:
SF:src\context\AuthProvider.jsx
FN:5,(anonymous_3)
FNF:1
FNH:0
FNDA:0,(anonymous_3)
DA:1,1
DA:3,1
DA:5,1
DA:6,0
DA:15,4
LF:5
LH:4
BRF:0
BRH:0
end_of_record
